polybar|notice:  Parsing config file: /home/dariobf/.config/polybar/config.ini
polybar|notice:  Listening for IPC messages (PID: 30005)
polybar|error: Invalid value for "bar/mybar.border-bottom-color", using default value (reason: The reference ${colors.background2} does not exist (no fallback set))
polybar|notice:  Loading module 'i3' of type 'internal/i3'
polybar|notice:  Loading module 'arch-updates' of type 'custom/script'
polybar|notice:  Loading module 'cpu' of type 'internal/cpu'
polybar|notice:  Loading module 'filesystem' of type 'internal/fs'
polybar|notice:  Loading module 'memory' of type 'internal/memory'
polybar|notice:  Loading module 'temperature-cpu' of type 'internal/temperature'
polybar|error: Disabling module "temperature-cpu" (reason: The file '/sys/devices/pci0000:00/0000:00:18.3/hwmon/hwmon2/temp1_input' does not exist)
polybar|notice:  Loading module 'pulseaudio' of type 'internal/pulseaudio'
polybar|notice:  pulseaudio: using default sink alsa_output.pci-0000_c1_00.6.analog-stereo
polybar|notice:  Loading module 'uptime' of type 'custom/script'
polybar|notice:  Loading module 'date' of type 'internal/date'
polybar|notice:  Loaded 8 modules
polybar|notice:  Loaded font "Jetbrains Mono Nerd Font:style:Regular:size=10" (name=Noto Sans, offset=3, file=/usr/share/fonts/truetype/noto/NotoSans-Regular.ttf)
polybar|notice:  Loaded font "Jetbrains Mono Nerd Font:style=Bold:size=10" (name=Noto Sans, offset=3, file=/usr/share/fonts/truetype/noto/NotoSans-Bold.ttf)
polybar|warn:  background_manager: Failed to get root pixmap, default to black (is there a wallpaper?)
polybar|warn:  background_manager: Failed to get root pixmap, default to black (is there a wallpaper?)
polybar|warn:  tray: bar/mybar.tray-position is deprecated, use the dedicated tray module to display the system tray
polybar|error: tray: Failed to put tray above 0x4400002 in the stack (XCB_MATCH (8))
polybar|warn:  Systray selection already managed (window=0x3400005)
polybar|warn:  background_manager: Failed to get root pixmap, default to black (is there a wallpaper?)
polybar|warn:  background_manager: Failed to get root pixmap, default to black (is there a wallpaper?)
polybar|warn:  Dropping unmatched character '' (U+f085) in ' '
polybar|warn:  Dropping unmatched character '' (U+f1c0) in ' '
polybar|warn:  Dropping unmatched character '' (U+f2db) in ' '
polybar|warn:  Dropping unmatched character '' (U+f028) in ' '
polybar|warn:  Dropping unmatched character '' (U+f017) in ' '
polybar|warn:  Dropping unmatched character '' (U+f085) in ' '
polybar|warn:  Dropping unmatched character '' (U+f1c0) in ' '
polybar|warn:  Dropping unmatched character '' (U+f2db) in ' '
polybar|warn:  Dropping unmatched character '' (U+f028) in ' '
polybar|warn:  Dropping unmatched character '' (U+f017) in ' '
polybar|warn:  Dropping unmatched character '' (U+f085) in ' '
polybar|warn:  Dropping unmatched character '' (U+f1c0) in ' '
polybar|warn:  Dropping unmatched character '' (U+f2db) in ' '
polybar|warn:  Dropping unmatched character '' (U+f028) in ' '
polybar|warn:  Dropping unmatched character '' (U+f253) in ' '
polybar|warn:  Dropping unmatched character '' (U+f017) in ' '
polybar|warn:  Dropping unmatched character '' (U+f120) in '  '
polybar|warn:  Dropping unmatched character '' (U+f269) in '  '
polybar|warn:  Dropping unmatched character '' (U+f07c) in '  '
polybar|warn:  Dropping unmatched character '' (U+f085) in ' '
polybar|warn:  Dropping unmatched character '' (U+f1c0) in ' '
polybar|warn:  Dropping unmatched character '' (U+f2db) in ' '
polybar|warn:  Dropping unmatched character '' (U+f028) in ' '
polybar|warn:  Dropping unmatched character '' (U+f253) in ' '
polybar|warn:  Dropping unmatched character '' (U+f017) in ' '
polybar|warn:  Dropping unmatched character '' (U+f120) in '  '
polybar|warn:  Dropping unmatched character '' (U+f269) in '  '
polybar|warn:  Dropping unmatched character '' (U+f07c) in '  '
polybar|warn:  Dropping unmatched character '' (U+f085) in ' '
polybar|warn:  Dropping unmatched character '' (U+f1c0) in ' '
polybar|warn:  Dropping unmatched character '' (U+f2db) in ' '
polybar|warn:  Dropping unmatched character '' (U+f028) in ' '
polybar|warn:  Dropping unmatched character '' (U+f253) in ' '
polybar|warn:  Dropping unmatched character '' (U+f017) in ' '
polybar|warn:  Dropping unmatched character '' (U+f120) in '  '
polybar|warn:  Dropping unmatched character '' (U+f269) in '  '
polybar|warn:  Dropping unmatched character '' (U+f07c) in '  '
polybar|warn:  Dropping unmatched character '' (U+f085) in ' '
polybar|warn:  Dropping unmatched character '' (U+f1c0) in ' '
polybar|warn:  Dropping unmatched character '' (U+f2db) in ' '
polybar|warn:  Dropping unmatched character '' (U+f028) in ' '
polybar|warn:  Dropping unmatched character '' (U+f253) in ' '
polybar|warn:  Dropping unmatched character '' (U+f017) in ' '
polybar|warn:  Dropping unmatched character '' (U+f120) in '  '
polybar|warn:  Dropping unmatched character '' (U+f269) in '  '
polybar|warn:  Dropping unmatched character '' (U+f07c) in '  '
polybar|warn:  Dropping unmatched character '' (U+f085) in ' '
polybar|warn:  Dropping unmatched character '' (U+f1c0) in ' '
polybar|warn:  Dropping unmatched character '' (U+f2db) in ' '
polybar|warn:  Dropping unmatched character '' (U+f028) in ' '
polybar|warn:  Dropping unmatched character '' (U+f253) in ' '
polybar|warn:  Dropping unmatched character '' (U+f017) in ' '
polybar|warn:  Dropping unmatched character '' (U+f120) in '  '
polybar|warn:  Dropping unmatched character '' (U+f269) in '  '
polybar|warn:  Dropping unmatched character '' (U+f07c) in '  '
polybar|warn:  Dropping unmatched character '' (U+f085) in ' '
polybar|warn:  Dropping unmatched character '' (U+f1c0) in ' '
polybar|warn:  Dropping unmatched character '' (U+f2db) in ' '
polybar|warn:  Dropping unmatched character '' (U+f028) in ' '
polybar|warn:  Dropping unmatched character '' (U+f253) in ' '
polybar|warn:  Dropping unmatched character '' (U+f017) in ' '
polybar|warn:  Dropping unmatched character '' (U+f120) in '  '
polybar|warn:  Dropping unmatched character '' (U+f269) in '  '
polybar|warn:  Dropping unmatched character '' (U+f07c) in '  '
polybar|warn:  Dropping unmatched character '' (U+f085) in ' '
polybar|warn:  Dropping unmatched character '' (U+f1c0) in ' '
polybar|warn:  Dropping unmatched character '' (U+f2db) in ' '
polybar|warn:  Dropping unmatched character '' (U+f028) in ' '
polybar|warn:  Dropping unmatched character '' (U+f253) in ' '
polybar|warn:  Dropping unmatched character '' (U+f017) in ' '
polybar|warn:  Dropping unmatched character '' (U+f120) in '  '
polybar|warn:  Dropping unmatched character '' (U+f269) in '  '
polybar|warn:  Dropping unmatched character '' (U+f07c) in '  '
polybar|warn:  Dropping unmatched character '' (U+f085) in ' '
polybar|warn:  Dropping unmatched character '' (U+f1c0) in ' '
polybar|warn:  Dropping unmatched character '' (U+f2db) in ' '
polybar|warn:  Dropping unmatched character '' (U+f028) in ' '
polybar|warn:  Dropping unmatched character '' (U+f253) in ' '
polybar|warn:  Dropping unmatched character '' (U+f017) in ' '
polybar|warn:  Dropping unmatched character '' (U+f120) in '  '
polybar|warn:  Dropping unmatched character '' (U+f269) in '  '
polybar|warn:  Dropping unmatched character '' (U+f07c) in '  '
polybar|warn:  Dropping unmatched character '' (U+f085) in ' '
polybar|warn:  Dropping unmatched character '' (U+f1c0) in ' '
polybar|warn:  Dropping unmatched character '' (U+f2db) in ' '
polybar|warn:  Dropping unmatched character '' (U+f028) in ' '
polybar|warn:  Dropping unmatched character '' (U+f253) in ' '
polybar|warn:  Dropping unmatched character '' (U+f017) in ' '
polybar|warn:  Dropping unmatched character '' (U+f120) in '  '
polybar|warn:  Dropping unmatched character '' (U+f269) in '  '
polybar|warn:  Dropping unmatched character '' (U+f07c) in '  '
polybar|warn:  Dropping unmatched character '' (U+f085) in ' '
polybar|warn:  Dropping unmatched character '' (U+f1c0) in ' '
polybar|warn:  Dropping unmatched character '' (U+f2db) in ' '
polybar|warn:  Dropping unmatched character '' (U+f028) in ' '
polybar|warn:  Dropping unmatched character '' (U+f253) in ' '
polybar|warn:  Dropping unmatched character '' (U+f017) in ' '
polybar|warn:  Dropping unmatched character '' (U+f120) in '  '
polybar|warn:  Dropping unmatched character '' (U+f269) in '  '
polybar|warn:  Dropping unmatched character '' (U+f07c) in '  '
polybar|warn:  Dropping unmatched character '' (U+f085) in ' '
polybar|warn:  Dropping unmatched character '' (U+f1c0) in ' '
polybar|warn:  Dropping unmatched character '' (U+f2db) in ' '
polybar|warn:  Dropping unmatched character '' (U+f028) in ' '
polybar|warn:  Dropping unmatched character '' (U+f253) in ' '
polybar|warn:  Dropping unmatched character '' (U+f017) in ' '
polybar|warn:  Dropping unmatched character '' (U+f120) in '  '
polybar|warn:  Dropping unmatched character '' (U+f269) in '  '
polybar|warn:  Dropping unmatched character '' (U+f07c) in '  '
polybar|warn:  Dropping unmatched character '' (U+f085) in ' '
polybar|warn:  Dropping unmatched character '' (U+f1c0) in ' '
polybar|warn:  Dropping unmatched character '' (U+f2db) in ' '
polybar|warn:  Dropping unmatched character '' (U+f028) in ' '
polybar|warn:  Dropping unmatched character '' (U+f253) in ' '
polybar|warn:  Dropping unmatched character '' (U+f017) in ' '
polybar|warn:  Dropping unmatched character '' (U+f120) in '  '
polybar|warn:  Dropping unmatched character '' (U+f269) in '  '
polybar|warn:  Dropping unmatched character '' (U+f07c) in '  '
polybar|warn:  Dropping unmatched character '' (U+f085) in ' '
polybar|warn:  Dropping unmatched character '' (U+f1c0) in ' '
polybar|warn:  Dropping unmatched character '' (U+f2db) in ' '
polybar|warn:  Dropping unmatched character '' (U+f028) in ' '
polybar|warn:  Dropping unmatched character '' (U+f253) in ' '
polybar|warn:  Dropping unmatched character '' (U+f017) in ' '
polybar|warn:  Dropping unmatched character '' (U+f120) in '  '
polybar|warn:  Dropping unmatched character '' (U+f269) in '  '
polybar|warn:  Dropping unmatched character '' (U+f07c) in '  '
polybar|warn:  Dropping unmatched character '' (U+f085) in ' '
polybar|warn:  Dropping unmatched character '' (U+f1c0) in ' '
polybar|warn:  Dropping unmatched character '' (U+f2db) in ' '
polybar|warn:  Dropping unmatched character '' (U+f028) in ' '
polybar|warn:  Dropping unmatched character '' (U+f253) in ' '
polybar|warn:  Dropping unmatched character '' (U+f017) in ' '
polybar|warn:  Dropping unmatched character '' (U+f120) in '  '
polybar|warn:  Dropping unmatched character '' (U+f269) in '  '
polybar|warn:  Dropping unmatched character '' (U+f07c) in '  '
polybar|warn:  Dropping unmatched character '' (U+f085) in ' '
polybar|warn:  Dropping unmatched character '' (U+f1c0) in ' '
polybar|warn:  Dropping unmatched character '' (U+f2db) in ' '
polybar|warn:  Dropping unmatched character '' (U+f028) in ' '
polybar|warn:  Dropping unmatched character '' (U+f253) in ' '
polybar|warn:  Dropping unmatched character '' (U+f017) in ' '
polybar|warn:  Dropping unmatched character '' (U+f120) in '  '
polybar|warn:  Dropping unmatched character '' (U+f269) in '  '
polybar|warn:  Dropping unmatched character '' (U+f07c) in '  '
polybar|warn:  Dropping unmatched character '' (U+f085) in ' '
polybar|warn:  Dropping unmatched character '' (U+f1c0) in ' '
polybar|warn:  Dropping unmatched character '' (U+f2db) in ' '
polybar|warn:  Dropping unmatched character '' (U+f028) in ' '
polybar|warn:  Dropping unmatched character '' (U+f253) in ' '
polybar|warn:  Dropping unmatched character '' (U+f017) in ' '
polybar|warn:  Dropping unmatched character '' (U+f120) in '  '
polybar|warn:  Dropping unmatched character '' (U+f269) in '  '
polybar|warn:  Dropping unmatched character '' (U+f07c) in '  '
polybar|warn:  Dropping unmatched character '' (U+f085) in ' '
polybar|warn:  Dropping unmatched character '' (U+f1c0) in ' '
polybar|warn:  Dropping unmatched character '' (U+f2db) in ' '
polybar|warn:  Dropping unmatched character '' (U+f028) in ' '
polybar|warn:  Dropping unmatched character '' (U+f253) in ' '
polybar|warn:  Dropping unmatched character '' (U+f017) in ' '
polybar|warn:  Dropping unmatched character '' (U+f120) in '  '
polybar|warn:  Dropping unmatched character '' (U+f269) in '  '
polybar|warn:  Dropping unmatched character '' (U+f07c) in '  '
polybar|warn:  Dropping unmatched character '' (U+f085) in ' '
polybar|warn:  Dropping unmatched character '' (U+f1c0) in ' '
polybar|warn:  Dropping unmatched character '' (U+f2db) in ' '
polybar|warn:  Dropping unmatched character '' (U+f028) in ' '
polybar|warn:  Dropping unmatched character '' (U+f253) in ' '
polybar|warn:  Dropping unmatched character '' (U+f017) in ' '
polybar|warn:  Dropping unmatched character '' (U+f120) in '  '
polybar|warn:  Dropping unmatched character '' (U+f269) in '  '
polybar|warn:  Dropping unmatched character '' (U+f07c) in '  '
polybar|warn:  Dropping unmatched character '' (U+f085) in ' '
polybar|warn:  Dropping unmatched character '' (U+f1c0) in ' '
polybar|warn:  Dropping unmatched character '' (U+f2db) in ' '
polybar|warn:  Dropping unmatched character '' (U+f028) in ' '
polybar|warn:  Dropping unmatched character '' (U+f253) in ' '
polybar|warn:  Dropping unmatched character '' (U+f017) in ' '
polybar|warn:  Dropping unmatched character '' (U+f120) in '  '
polybar|warn:  Dropping unmatched character '' (U+f269) in '  '
polybar|warn:  Dropping unmatched character '' (U+f07c) in '  '
polybar|warn:  Dropping unmatched character '' (U+f085) in ' '
polybar|warn:  Dropping unmatched character '' (U+f1c0) in ' '
polybar|warn:  Dropping unmatched character '' (U+f2db) in ' '
polybar|warn:  Dropping unmatched character '' (U+f028) in ' '
polybar|warn:  Dropping unmatched character '' (U+f253) in ' '
polybar|warn:  Dropping unmatched character '' (U+f017) in ' '
polybar|warn:  Dropping unmatched character '' (U+f120) in '  '
polybar|warn:  Dropping unmatched character '' (U+f269) in '  '
polybar|warn:  Dropping unmatched character '' (U+f07c) in '  '
polybar|warn:  Dropping unmatched character '' (U+f085) in ' '
polybar|warn:  Dropping unmatched character '' (U+f1c0) in ' '
polybar|warn:  Dropping unmatched character '' (U+f2db) in ' '
polybar|warn:  Dropping unmatched character '' (U+f028) in ' '
polybar|warn:  Dropping unmatched character '' (U+f253) in ' '
polybar|warn:  Dropping unmatched character '' (U+f017) in ' '
polybar|warn:  Dropping unmatched character '' (U+f120) in '  '
polybar|warn:  Dropping unmatched character '' (U+f269) in '  '
polybar|warn:  Dropping unmatched character '' (U+f07c) in '  '
polybar|warn:  Dropping unmatched character '' (U+f085) in ' '
polybar|warn:  Dropping unmatched character '' (U+f1c0) in ' '
polybar|warn:  Dropping unmatched character '' (U+f2db) in ' '
polybar|warn:  Dropping unmatched character '' (U+f028) in ' '
polybar|warn:  Dropping unmatched character '' (U+f253) in ' '
polybar|warn:  Dropping unmatched character '' (U+f017) in ' '
polybar|warn:  Dropping unmatched character '' (U+f120) in '  '
polybar|warn:  Dropping unmatched character '' (U+f269) in '  '
polybar|warn:  Dropping unmatched character '' (U+f07c) in '  '
polybar|warn:  Dropping unmatched character '' (U+f085) in ' '
polybar|warn:  Dropping unmatched character '' (U+f1c0) in ' '
polybar|warn:  Dropping unmatched character '' (U+f2db) in ' '
polybar|warn:  Dropping unmatched character '' (U+f028) in ' '
polybar|warn:  Dropping unmatched character '' (U+f253) in ' '
polybar|warn:  Dropping unmatched character '' (U+f017) in ' '
polybar|warn:  Dropping unmatched character '' (U+f120) in '  '
polybar|warn:  Dropping unmatched character '' (U+f269) in '  '
polybar|warn:  Dropping unmatched character '' (U+f07c) in '  '
polybar|warn:  Dropping unmatched character '' (U+f085) in ' '
polybar|warn:  Dropping unmatched character '' (U+f1c0) in ' '
polybar|warn:  Dropping unmatched character '' (U+f2db) in ' '
polybar|warn:  Dropping unmatched character '' (U+f028) in ' '
polybar|warn:  Dropping unmatched character '' (U+f253) in ' '
polybar|warn:  Dropping unmatched character '' (U+f017) in ' '
polybar|notice:  Received signal(2): Interrupt
polybar|notice:  Termination signal received, shutting down...
polybar|warn:  module/i3: Attempting to reconnect socket (reason: Unexpected EOF while reading header)
